<?xml version="1.0" encoding="UTF-8"?>
<testng-results ignored="0" total="1" passed="1" failed="0" skipped="0">
  <reporter-output>
  </reporter-output>
  <suite started-at="2020-02-08T08:29:17Z" name="jenkins.jproject.SampleTestCase" finished-at="2020-02-08T08:29:26Z" duration-ms="9587">
    <groups>
    </groups>
    <test started-at="2020-02-08T08:29:17Z" name="Command line test" finished-at="2020-02-08T08:29:26Z" duration-ms="9587">
      <class name="jenkins.jproject.SampleTestCase">
        <test-method signature="f()[pri:0, instance:jenkins.jproject.SampleTestCase@54c562f7]" started-at="2020-02-08T08:29:17Z" name="f" finished-at="2020-02-08T08:29:26Z" duration-ms="9538" status="PASS">
          <reporter-output>
          </reporter-output>
        </test-method> <!-- f -->
      </class> <!-- jenkins.jproject.SampleTestCase -->
    </test> <!-- Command line test -->
  </suite> <!-- jenkins.jproject.SampleTestCase -->
</testng-results>
